19:23:26.399 INFO [LoggingOptions.configureLogEncoding] - Using the system default encoding
19:23:26.403 INFO [OpenTelemetryTracer.createTracer] - Using OpenTelemetry for tracing
19:23:26.851 INFO [NodeOptions.getSessionFactories] - Detected 12 available processors
19:23:26.877 INFO [NodeOptions.discoverDrivers] - Discovered 4 driver(s)
19:23:26.899 INFO [NodeOptions.report] - Adding Chrome for {"browserName": "chrome"} 12 times
19:23:26.900 INFO [NodeOptions.report] - Adding Safari Technology Preview for {"browserName": "Safari Technology Preview"} 1 times
19:23:26.900 INFO [NodeOptions.report] - Adding Safari for {"browserName": "safari"} 1 times
19:23:26.901 INFO [NodeOptions.report] - Adding Firefox for {"browserName": "firefox"} 12 times
19:23:26.930 INFO [Node.<init>] - Binding additional locator mechanisms: name, id, relative
19:23:26.950 INFO [LocalDistributor.add] - Added node b3e3abf5-e78e-4379-a648-b908705ab193 at http://192.168.0.14:4444. Health check every 120s
19:23:26.956 INFO [GridModel.setAvailability] - Switching node b3e3abf5-e78e-4379-a648-b908705ab193 (uri: http://192.168.0.14:4444) from DOWN to UP
19:23:27.089 INFO [Standalone.execute] - Started Selenium Standalone 4.1.2 (revision 9a5a329c5a): http://192.168.0.14:4444
19:23:27.409 INFO [LocalDistributor.newSession] - Session request received by the distributor: 
 [Capabilities {browserName: chrome, goog:chromeOptions: {}}, Capabilities {browserName: chrome, chromeOptions: {w3c: true}, goog:chromeOptions: {}, name: Jload}]
Starting ChromeDriver 101.0.4951.41 (93c720db8323b3ec10d056025ab95c23a31997c9-refs/branch-heads/4951@{#904}) on port 60401
Only local connections are allowed.
Please see https://chromedriver.chromium.org/security-considerations for suggestions on keeping ChromeDriver safe.
[1652927007.441][WARNING]: FromSockAddr failed on netmask
ChromeDriver was started successfully.
19:23:28.724 INFO [ProtocolHandshake.createSession] - Detected dialect: W3C
19:23:28.738 INFO [LocalDistributor.newSession] - Session created by the distributor. Id: 4db7c30130f0a4bbbcaa6ef615e56b52, Caps: Capabilities {acceptInsecureCerts: false, browserName: chrome, browserVersion: 101.0.4951.64, chrome: {chromedriverVersion: 101.0.4951.41 (93c720db8323..., userDataDir: /var/folders/87/2vk68z851gl...}, goog:chromeOptions: {debuggerAddress: localhost:54053}, networkConnectionEnabled: false, pageLoadStrategy: normal, platformName: mac os x, proxy: Proxy(), se:cdp: ws://192.168.0.14:4444/sess..., se:cdpVersion: 101.0.4951.64, setWindowRect: true, strictFileInteractability: false, timeouts: {implicit: 0, pageLoad: 300000, script: 30000}, unhandledPromptBehavior: dismiss and notify, webauthn:extension:credBlob: true, webauthn:extension:largeBlob: true, webauthn:virtualAuthenticators: true}
19:23:29.457 INFO [LocalSessionMap.lambda$new$0] - Deleted session from local session map, Id: 4db7c30130f0a4bbbcaa6ef615e56b52
